2021-05-28 10:12:59.206 [32m[main][0;39m [34mINFO [0;39m [1;35mc.n.a.MallAdminApplication[0;39m - [logStarting,55] - Starting MallAdminApplication using Java 1.8.0_181 on DESKTOP-9CMVFOR with PID 23872 (D:\MyProjects\mall-sqzhao\mall-admin\target\classes started by zhaosq in D:\MyProjects\mall-sqzhao)
2021-05-28 10:12:59.209 [32m[main][0;39m [34mINFO [0;39m [1;35mc.n.a.MallAdminApplication[0;39m - [logStartupProfileInfo,679] - The following profiles are active: dev
2021-05-28 10:13:00.179 [32m[main][0;39m [34mINFO [0;39m [1;35mo.a.c.h.Http11NioProtocol[0;39m - [log,173] - Initializing ProtocolHandler ["http-nio-8080"]
2021-05-28 10:13:00.179 [32m[main][0;39m [34mINFO [0;39m [1;35mo.a.c.c.StandardService[0;39m - [log,173] - Starting service [Tomcat]
2021-05-28 10:13:00.179 [32m[main][0;39m [34mINFO [0;39m [1;35mo.a.c.c.StandardEngine[0;39m - [log,173] - Starting Servlet engine: [Apache Tomcat/9.0.45]
2021-05-28 10:13:00.233 [32m[main][0;39m [34mINFO [0;39m [1;35mo.a.c.c.C.[.[.[/][0;39m - [log,173] - Initializing Spring embedded WebApplicationContext
2021-05-28 10:13:00.931 [32m[main][0;39m [34mINFO [0;39m [1;35ms.d.s.w.PropertySourcedRequestMappingHandlerMapping[0;39m - [initHandlerMethods,69] - Mapped URL path [/v2/api-docs] onto method [springfox.documentation.swagger2.web.Swagger2Controller#getDocumentation(String, HttpServletRequest)]
2021-05-28 10:13:01.117 [32m[main][0;39m [34mINFO [0;39m [1;35mo.a.c.h.Http11NioProtocol[0;39m - [log,173] - Starting ProtocolHandler ["http-nio-8080"]
2021-05-28 10:13:01.132 [32m[main][0;39m [34mINFO [0;39m [1;35ms.d.s.w.p.DocumentationPluginsBootstrapper[0;39m - [start,160] - Context refreshed
2021-05-28 10:13:01.143 [32m[main][0;39m [34mINFO [0;39m [1;35ms.d.s.w.p.DocumentationPluginsBootstrapper[0;39m - [start,163] - Found 1 custom documentation plugin(s)
2021-05-28 10:13:01.166 [32m[main][0;39m [34mINFO [0;39m [1;35ms.d.s.w.s.ApiListingReferenceScanner[0;39m - [scan,41] - Scanning for api listing references
2021-05-28 10:13:01.294 [32m[main][0;39m [34mINFO [0;39m [1;35mc.n.a.MallAdminApplication[0;39m - [logStarted,61] - Started MallAdminApplication in 2.441 seconds (JVM running for 2.855)
2021-05-28 10:13:01.708 [32m[RMI TCP Connection(2)-192.168.10.89][0;39m [34mINFO [0;39m [1;35mo.a.c.c.C.[.[.[/][0;39m - [log,173] - Initializing Spring DispatcherServlet 'dispatcherServlet'
2021-05-28 10:13:01.708 [32m[RMI TCP Connection(1)-192.168.10.89][0;39m [34mINFO [0;39m [1;35mc.z.h.HikariDataSource[0;39m - [getConnection,110] - HikariPool-1 - Starting...
2021-05-28 10:13:01.961 [32m[RMI TCP Connection(1)-192.168.10.89][0;39m [34mINFO [0;39m [1;35mc.z.h.HikariDataSource[0;39m - [getConnection,123] - HikariPool-1 - Start completed.
2021-05-28 10:14:27.979 [32m[main][0;39m [34mINFO [0;39m [1;35mc.n.a.MallAdminApplication[0;39m - [logStarting,55] - Starting MallAdminApplication using Java 1.8.0_181 on DESKTOP-9CMVFOR with PID 17128 (D:\MyProjects\mall-sqzhao\mall-admin\target\classes started by zhaosq in D:\MyProjects\mall-sqzhao)
2021-05-28 10:14:27.982 [32m[main][0;39m [34mINFO [0;39m [1;35mc.n.a.MallAdminApplication[0;39m - [logStartupProfileInfo,679] - The following profiles are active: dev
2021-05-28 10:14:29.014 [32m[main][0;39m [34mINFO [0;39m [1;35mo.a.c.h.Http11NioProtocol[0;39m - [log,173] - Initializing ProtocolHandler ["http-nio-8080"]
2021-05-28 10:14:29.015 [32m[main][0;39m [34mINFO [0;39m [1;35mo.a.c.c.StandardService[0;39m - [log,173] - Starting service [Tomcat]
2021-05-28 10:14:29.015 [32m[main][0;39m [34mINFO [0;39m [1;35mo.a.c.c.StandardEngine[0;39m - [log,173] - Starting Servlet engine: [Apache Tomcat/9.0.45]
2021-05-28 10:14:29.072 [32m[main][0;39m [34mINFO [0;39m [1;35mo.a.c.c.C.[.[.[/][0;39m - [log,173] - Initializing Spring embedded WebApplicationContext
2021-05-28 10:14:29.885 [32m[main][0;39m [34mINFO [0;39m [1;35ms.d.s.w.PropertySourcedRequestMappingHandlerMapping[0;39m - [initHandlerMethods,69] - Mapped URL path [/v2/api-docs] onto method [springfox.documentation.swagger2.web.Swagger2Controller#getDocumentation(String, HttpServletRequest)]
2021-05-28 10:14:30.092 [32m[main][0;39m [34mINFO [0;39m [1;35mo.a.c.h.Http11NioProtocol[0;39m - [log,173] - Starting ProtocolHandler ["http-nio-8080"]
2021-05-28 10:14:30.106 [32m[main][0;39m [34mINFO [0;39m [1;35ms.d.s.w.p.DocumentationPluginsBootstrapper[0;39m - [start,160] - Context refreshed
2021-05-28 10:14:30.118 [32m[main][0;39m [34mINFO [0;39m [1;35ms.d.s.w.p.DocumentationPluginsBootstrapper[0;39m - [start,163] - Found 1 custom documentation plugin(s)
2021-05-28 10:14:30.141 [32m[main][0;39m [34mINFO [0;39m [1;35ms.d.s.w.s.ApiListingReferenceScanner[0;39m - [scan,41] - Scanning for api listing references
2021-05-28 10:14:30.263 [32m[main][0;39m [34mINFO [0;39m [1;35mc.n.a.MallAdminApplication[0;39m - [logStarted,61] - Started MallAdminApplication in 2.677 seconds (JVM running for 3.198)
2021-05-28 10:14:30.475 [32m[RMI TCP Connection(1)-192.168.10.89][0;39m [34mINFO [0;39m [1;35mo.a.c.c.C.[.[.[/][0;39m - [log,173] - Initializing Spring DispatcherServlet 'dispatcherServlet'
2021-05-28 10:14:30.523 [32m[RMI TCP Connection(3)-192.168.10.89][0;39m [34mINFO [0;39m [1;35mc.z.h.HikariDataSource[0;39m - [getConnection,110] - HikariPool-1 - Starting...
2021-05-28 10:14:30.792 [32m[RMI TCP Connection(3)-192.168.10.89][0;39m [34mINFO [0;39m [1;35mc.z.h.HikariDataSource[0;39m - [getConnection,123] - HikariPool-1 - Start completed.
2021-05-28 10:17:25.624 [32m[SpringContextShutdownHook][0;39m [34mINFO [0;39m [1;35mc.z.h.HikariDataSource[0;39m - [close,350] - HikariPool-1 - Shutdown initiated...
2021-05-28 10:17:25.626 [32m[SpringContextShutdownHook][0;39m [34mINFO [0;39m [1;35mc.z.h.HikariDataSource[0;39m - [close,352] - HikariPool-1 - Shutdown completed.
2021-05-28 10:17:29.200 [32m[main][0;39m [34mINFO [0;39m [1;35mc.n.a.MallAdminApplication[0;39m - [logStarting,55] - Starting MallAdminApplication using Java 1.8.0_181 on DESKTOP-9CMVFOR with PID 24404 (D:\MyProjects\mall-sqzhao\mall-admin\target\classes started by zhaosq in D:\MyProjects\mall-sqzhao)
2021-05-28 10:17:29.203 [32m[main][0;39m [34mINFO [0;39m [1;35mc.n.a.MallAdminApplication[0;39m - [logStartupProfileInfo,679] - The following profiles are active: dev
2021-05-28 10:17:30.237 [32m[main][0;39m [34mINFO [0;39m [1;35mo.a.c.h.Http11NioProtocol[0;39m - [log,173] - Initializing ProtocolHandler ["http-nio-8080"]
2021-05-28 10:17:30.238 [32m[main][0;39m [34mINFO [0;39m [1;35mo.a.c.c.StandardService[0;39m - [log,173] - Starting service [Tomcat]
2021-05-28 10:17:30.238 [32m[main][0;39m [34mINFO [0;39m [1;35mo.a.c.c.StandardEngine[0;39m - [log,173] - Starting Servlet engine: [Apache Tomcat/9.0.45]
2021-05-28 10:17:30.295 [32m[main][0;39m [34mINFO [0;39m [1;35mo.a.c.c.C.[.[.[/][0;39m - [log,173] - Initializing Spring embedded WebApplicationContext
2021-05-28 10:17:31.033 [32m[main][0;39m [34mINFO [0;39m [1;35ms.d.s.w.PropertySourcedRequestMappingHandlerMapping[0;39m - [initHandlerMethods,69] - Mapped URL path [/v2/api-docs] onto method [springfox.documentation.swagger2.web.Swagger2Controller#getDocumentation(String, HttpServletRequest)]
2021-05-28 10:17:31.235 [32m[main][0;39m [34mINFO [0;39m [1;35mo.a.c.h.Http11NioProtocol[0;39m - [log,173] - Starting ProtocolHandler ["http-nio-8080"]
2021-05-28 10:17:31.249 [32m[main][0;39m [34mINFO [0;39m [1;35ms.d.s.w.p.DocumentationPluginsBootstrapper[0;39m - [start,160] - Context refreshed
2021-05-28 10:17:31.261 [32m[main][0;39m [34mINFO [0;39m [1;35ms.d.s.w.p.DocumentationPluginsBootstrapper[0;39m - [start,163] - Found 1 custom documentation plugin(s)
2021-05-28 10:17:31.284 [32m[main][0;39m [34mINFO [0;39m [1;35ms.d.s.w.s.ApiListingReferenceScanner[0;39m - [scan,41] - Scanning for api listing references
2021-05-28 10:17:31.406 [32m[main][0;39m [34mINFO [0;39m [1;35mc.n.a.MallAdminApplication[0;39m - [logStarted,61] - Started MallAdminApplication in 2.615 seconds (JVM running for 3.134)
2021-05-28 10:17:31.671 [32m[RMI TCP Connection(2)-192.168.10.89][0;39m [34mINFO [0;39m [1;35mo.a.c.c.C.[.[.[/][0;39m - [log,173] - Initializing Spring DispatcherServlet 'dispatcherServlet'
2021-05-28 10:17:31.672 [32m[RMI TCP Connection(1)-192.168.10.89][0;39m [34mINFO [0;39m [1;35mc.z.h.HikariDataSource[0;39m - [getConnection,110] - HikariPool-1 - Starting...
2021-05-28 10:17:31.942 [32m[RMI TCP Connection(1)-192.168.10.89][0;39m [34mINFO [0;39m [1;35mc.z.h.HikariDataSource[0;39m - [getConnection,123] - HikariPool-1 - Start completed.
2021-05-28 10:18:35.848 [32m[SpringContextShutdownHook][0;39m [34mINFO [0;39m [1;35mc.z.h.HikariDataSource[0;39m - [close,350] - HikariPool-1 - Shutdown initiated...
2021-05-28 10:18:35.851 [32m[SpringContextShutdownHook][0;39m [34mINFO [0;39m [1;35mc.z.h.HikariDataSource[0;39m - [close,352] - HikariPool-1 - Shutdown completed.
2021-05-28 10:18:38.379 [32m[main][0;39m [34mINFO [0;39m [1;35mc.n.a.MallAdminApplication[0;39m - [logStarting,55] - Starting MallAdminApplication using Java 1.8.0_181 on DESKTOP-9CMVFOR with PID 20684 (D:\MyProjects\mall-sqzhao\mall-admin\target\classes started by zhaosq in D:\MyProjects\mall-sqzhao)
2021-05-28 10:18:38.381 [32m[main][0;39m [34mINFO [0;39m [1;35mc.n.a.MallAdminApplication[0;39m - [logStartupProfileInfo,679] - The following profiles are active: dev
2021-05-28 10:18:39.404 [32m[main][0;39m [34mINFO [0;39m [1;35mo.a.c.h.Http11NioProtocol[0;39m - [log,173] - Initializing ProtocolHandler ["http-nio-8080"]
2021-05-28 10:18:39.405 [32m[main][0;39m [34mINFO [0;39m [1;35mo.a.c.c.StandardService[0;39m - [log,173] - Starting service [Tomcat]
2021-05-28 10:18:39.405 [32m[main][0;39m [34mINFO [0;39m [1;35mo.a.c.c.StandardEngine[0;39m - [log,173] - Starting Servlet engine: [Apache Tomcat/9.0.45]
2021-05-28 10:18:39.461 [32m[main][0;39m [34mINFO [0;39m [1;35mo.a.c.c.C.[.[.[/][0;39m - [log,173] - Initializing Spring embedded WebApplicationContext
2021-05-28 10:18:40.198 [32m[main][0;39m [34mINFO [0;39m [1;35ms.d.s.w.PropertySourcedRequestMappingHandlerMapping[0;39m - [initHandlerMethods,69] - Mapped URL path [/v2/api-docs] onto method [springfox.documentation.swagger2.web.Swagger2Controller#getDocumentation(String, HttpServletRequest)]
2021-05-28 10:18:40.406 [32m[main][0;39m [34mINFO [0;39m [1;35mo.a.c.h.Http11NioProtocol[0;39m - [log,173] - Starting ProtocolHandler ["http-nio-8080"]
2021-05-28 10:18:40.421 [32m[main][0;39m [34mINFO [0;39m [1;35ms.d.s.w.p.DocumentationPluginsBootstrapper[0;39m - [start,160] - Context refreshed
2021-05-28 10:18:40.433 [32m[main][0;39m [34mINFO [0;39m [1;35ms.d.s.w.p.DocumentationPluginsBootstrapper[0;39m - [start,163] - Found 1 custom documentation plugin(s)
2021-05-28 10:18:40.455 [32m[main][0;39m [34mINFO [0;39m [1;35ms.d.s.w.s.ApiListingReferenceScanner[0;39m - [scan,41] - Scanning for api listing references
2021-05-28 10:18:40.569 [32m[main][0;39m [34mINFO [0;39m [1;35mc.n.a.MallAdminApplication[0;39m - [logStarted,61] - Started MallAdminApplication in 2.615 seconds (JVM running for 3.186)
2021-05-28 10:18:40.762 [32m[RMI TCP Connection(1)-192.168.10.89][0;39m [34mINFO [0;39m [1;35mc.z.h.HikariDataSource[0;39m - [getConnection,110] - HikariPool-1 - Starting...
2021-05-28 10:18:40.811 [32m[RMI TCP Connection(3)-192.168.10.89][0;39m [34mINFO [0;39m [1;35mo.a.c.c.C.[.[.[/][0;39m - [log,173] - Initializing Spring DispatcherServlet 'dispatcherServlet'
2021-05-28 10:18:41.035 [32m[RMI TCP Connection(1)-192.168.10.89][0;39m [34mINFO [0;39m [1;35mc.z.h.HikariDataSource[0;39m - [getConnection,123] - HikariPool-1 - Start completed.
2021-05-28 10:19:57.144 [32m[HikariPool-1 housekeeper][0;39m [31mWARN [0;39m [1;35mc.z.h.p.HikariPool[0;39m - [run,787] - HikariPool-1 - Thread starvation or clock leap detected (housekeeper delta=1m16s7ms327µs800ns).
2021-05-28 10:20:05.456 [32m[SpringContextShutdownHook][0;39m [34mINFO [0;39m [1;35mc.z.h.HikariDataSource[0;39m - [close,350] - HikariPool-1 - Shutdown initiated...
2021-05-28 10:20:05.458 [32m[SpringContextShutdownHook][0;39m [34mINFO [0;39m [1;35mc.z.h.HikariDataSource[0;39m - [close,352] - HikariPool-1 - Shutdown completed.
2021-05-28 10:20:07.899 [32m[main][0;39m [34mINFO [0;39m [1;35mc.n.a.MallAdminApplication[0;39m - [logStarting,55] - Starting MallAdminApplication using Java 1.8.0_181 on DESKTOP-9CMVFOR with PID 15252 (D:\MyProjects\mall-sqzhao\mall-admin\target\classes started by zhaosq in D:\MyProjects\mall-sqzhao)
2021-05-28 10:20:07.901 [32m[main][0;39m [34mINFO [0;39m [1;35mc.n.a.MallAdminApplication[0;39m - [logStartupProfileInfo,679] - The following profiles are active: dev
2021-05-28 10:20:08.924 [32m[main][0;39m [34mINFO [0;39m [1;35mo.a.c.h.Http11NioProtocol[0;39m - [log,173] - Initializing ProtocolHandler ["http-nio-8080"]
2021-05-28 10:20:08.925 [32m[main][0;39m [34mINFO [0;39m [1;35mo.a.c.c.StandardService[0;39m - [log,173] - Starting service [Tomcat]
2021-05-28 10:20:08.925 [32m[main][0;39m [34mINFO [0;39m [1;35mo.a.c.c.StandardEngine[0;39m - [log,173] - Starting Servlet engine: [Apache Tomcat/9.0.45]
2021-05-28 10:20:08.982 [32m[main][0;39m [34mINFO [0;39m [1;35mo.a.c.c.C.[.[.[/][0;39m - [log,173] - Initializing Spring embedded WebApplicationContext
2021-05-28 10:20:09.705 [32m[main][0;39m [34mINFO [0;39m [1;35ms.d.s.w.PropertySourcedRequestMappingHandlerMapping[0;39m - [initHandlerMethods,69] - Mapped URL path [/v2/api-docs] onto method [springfox.documentation.swagger2.web.Swagger2Controller#getDocumentation(String, HttpServletRequest)]
2021-05-28 10:20:09.909 [32m[main][0;39m [34mINFO [0;39m [1;35mo.a.c.h.Http11NioProtocol[0;39m - [log,173] - Starting ProtocolHandler ["http-nio-8080"]
2021-05-28 10:20:09.923 [32m[main][0;39m [34mINFO [0;39m [1;35ms.d.s.w.p.DocumentationPluginsBootstrapper[0;39m - [start,160] - Context refreshed
2021-05-28 10:20:09.935 [32m[main][0;39m [34mINFO [0;39m [1;35ms.d.s.w.p.DocumentationPluginsBootstrapper[0;39m - [start,163] - Found 1 custom documentation plugin(s)
2021-05-28 10:20:09.957 [32m[main][0;39m [34mINFO [0;39m [1;35ms.d.s.w.s.ApiListingReferenceScanner[0;39m - [scan,41] - Scanning for api listing references
2021-05-28 10:20:10.070 [32m[main][0;39m [34mINFO [0;39m [1;35mc.n.a.MallAdminApplication[0;39m - [logStarted,61] - Started MallAdminApplication in 2.581 seconds (JVM running for 3.098)
2021-05-28 10:20:10.354 [32m[RMI TCP Connection(1)-192.168.10.89][0;39m [34mINFO [0;39m [1;35mc.z.h.HikariDataSource[0;39m - [getConnection,110] - HikariPool-1 - Starting...
2021-05-28 10:20:10.403 [32m[RMI TCP Connection(3)-192.168.10.89][0;39m [34mINFO [0;39m [1;35mo.a.c.c.C.[.[.[/][0;39m - [log,173] - Initializing Spring DispatcherServlet 'dispatcherServlet'
2021-05-28 10:20:10.636 [32m[RMI TCP Connection(1)-192.168.10.89][0;39m [34mINFO [0;39m [1;35mc.z.h.HikariDataSource[0;39m - [getConnection,123] - HikariPool-1 - Start completed.
2021-05-28 10:22:33.479 [32m[SpringContextShutdownHook][0;39m [34mINFO [0;39m [1;35mc.z.h.HikariDataSource[0;39m - [close,350] - HikariPool-1 - Shutdown initiated...
2021-05-28 10:22:33.481 [32m[SpringContextShutdownHook][0;39m [34mINFO [0;39m [1;35mc.z.h.HikariDataSource[0;39m - [close,352] - HikariPool-1 - Shutdown completed.
2021-05-28 10:22:36.994 [32m[main][0;39m [34mINFO [0;39m [1;35mc.n.a.MallAdminApplication[0;39m - [logStarting,55] - Starting MallAdminApplication using Java 1.8.0_181 on DESKTOP-9CMVFOR with PID 13924 (D:\MyProjects\mall-sqzhao\mall-admin\target\classes started by zhaosq in D:\MyProjects\mall-sqzhao)
2021-05-28 10:22:36.996 [32m[main][0;39m [34mINFO [0;39m [1;35mc.n.a.MallAdminApplication[0;39m - [logStartupProfileInfo,679] - The following profiles are active: dev
2021-05-28 10:22:38.022 [32m[main][0;39m [34mINFO [0;39m [1;35mo.a.c.h.Http11NioProtocol[0;39m - [log,173] - Initializing ProtocolHandler ["http-nio-8080"]
2021-05-28 10:22:38.022 [32m[main][0;39m [34mINFO [0;39m [1;35mo.a.c.c.StandardService[0;39m - [log,173] - Starting service [Tomcat]
2021-05-28 10:22:38.023 [32m[main][0;39m [34mINFO [0;39m [1;35mo.a.c.c.StandardEngine[0;39m - [log,173] - Starting Servlet engine: [Apache Tomcat/9.0.45]
2021-05-28 10:22:38.080 [32m[main][0;39m [34mINFO [0;39m [1;35mo.a.c.c.C.[.[.[/][0;39m - [log,173] - Initializing Spring embedded WebApplicationContext
2021-05-28 10:22:38.814 [32m[main][0;39m [34mINFO [0;39m [1;35ms.d.s.w.PropertySourcedRequestMappingHandlerMapping[0;39m - [initHandlerMethods,69] - Mapped URL path [/v2/api-docs] onto method [springfox.documentation.swagger2.web.Swagger2Controller#getDocumentation(String, HttpServletRequest)]
2021-05-28 10:22:39.032 [32m[main][0;39m [34mINFO [0;39m [1;35mo.a.c.h.Http11NioProtocol[0;39m - [log,173] - Starting ProtocolHandler ["http-nio-8080"]
2021-05-28 10:22:39.047 [32m[main][0;39m [34mINFO [0;39m [1;35ms.d.s.w.p.DocumentationPluginsBootstrapper[0;39m - [start,160] - Context refreshed
2021-05-28 10:22:39.058 [32m[main][0;39m [34mINFO [0;39m [1;35ms.d.s.w.p.DocumentationPluginsBootstrapper[0;39m - [start,163] - Found 1 custom documentation plugin(s)
2021-05-28 10:22:39.081 [32m[main][0;39m [34mINFO [0;39m [1;35ms.d.s.w.s.ApiListingReferenceScanner[0;39m - [scan,41] - Scanning for api listing references
2021-05-28 10:22:39.204 [32m[main][0;39m [34mINFO [0;39m [1;35mc.n.a.MallAdminApplication[0;39m - [logStarted,61] - Started MallAdminApplication in 2.599 seconds (JVM running for 3.114)
2021-05-28 10:22:39.406 [32m[RMI TCP Connection(1)-192.168.10.89][0;39m [34mINFO [0;39m [1;35mc.z.h.HikariDataSource[0;39m - [getConnection,110] - HikariPool-1 - Starting...
2021-05-28 10:22:39.454 [32m[RMI TCP Connection(3)-192.168.10.89][0;39m [34mINFO [0;39m [1;35mo.a.c.c.C.[.[.[/][0;39m - [log,173] - Initializing Spring DispatcherServlet 'dispatcherServlet'
2021-05-28 10:22:39.678 [32m[RMI TCP Connection(1)-192.168.10.89][0;39m [34mINFO [0;39m [1;35mc.z.h.HikariDataSource[0;39m - [getConnection,123] - HikariPool-1 - Start completed.
2021-05-28 10:24:04.795 [32m[HikariPool-1 housekeeper][0;39m [31mWARN [0;39m [1;35mc.z.h.p.HikariPool[0;39m - [run,787] - HikariPool-1 - Thread starvation or clock leap detected (housekeeper delta=1m2s549ms890µs300ns).
2021-05-28 10:24:34.798 [32m[HikariPool-1 housekeeper][0;39m [31mWARN [0;39m [1;35mc.z.h.p.HikariPool[0;39m - [run,787] - HikariPool-1 - Thread starvation or clock leap detected (housekeeper delta=52s467ms551µs400ns).
2021-05-28 10:27:35.526 [32m[SpringContextShutdownHook][0;39m [34mINFO [0;39m [1;35mc.z.h.HikariDataSource[0;39m - [close,350] - HikariPool-1 - Shutdown initiated...
2021-05-28 10:27:35.529 [32m[SpringContextShutdownHook][0;39m [34mINFO [0;39m [1;35mc.z.h.HikariDataSource[0;39m - [close,352] - HikariPool-1 - Shutdown completed.
2021-05-28 10:27:37.820 [32m[main][0;39m [34mINFO [0;39m [1;35mc.n.a.MallAdminApplication[0;39m - [logStarting,55] - Starting MallAdminApplication using Java 1.8.0_181 on DESKTOP-9CMVFOR with PID 6120 (D:\MyProjects\mall-sqzhao\mall-admin\target\classes started by zhaosq in D:\MyProjects\mall-sqzhao)
2021-05-28 10:27:37.822 [32m[main][0;39m [34mINFO [0;39m [1;35mc.n.a.MallAdminApplication[0;39m - [logStartupProfileInfo,679] - The following profiles are active: dev
2021-05-28 10:27:38.751 [32m[main][0;39m [34mINFO [0;39m [1;35mo.a.c.h.Http11NioProtocol[0;39m - [log,173] - Initializing ProtocolHandler ["http-nio-8080"]
2021-05-28 10:27:38.751 [32m[main][0;39m [34mINFO [0;39m [1;35mo.a.c.c.StandardService[0;39m - [log,173] - Starting service [Tomcat]
2021-05-28 10:27:38.752 [32m[main][0;39m [34mINFO [0;39m [1;35mo.a.c.c.StandardEngine[0;39m - [log,173] - Starting Servlet engine: [Apache Tomcat/9.0.45]
2021-05-28 10:27:38.804 [32m[main][0;39m [34mINFO [0;39m [1;35mo.a.c.c.C.[.[.[/][0;39m - [log,173] - Initializing Spring embedded WebApplicationContext
2021-05-28 10:27:39.485 [32m[main][0;39m [34mINFO [0;39m [1;35ms.d.s.w.PropertySourcedRequestMappingHandlerMapping[0;39m - [initHandlerMethods,69] - Mapped URL path [/v2/api-docs] onto method [springfox.documentation.swagger2.web.Swagger2Controller#getDocumentation(String, HttpServletRequest)]
2021-05-28 10:27:39.666 [32m[main][0;39m [34mINFO [0;39m [1;35mo.a.c.h.Http11NioProtocol[0;39m - [log,173] - Starting ProtocolHandler ["http-nio-8080"]
2021-05-28 10:27:39.679 [32m[main][0;39m [34mINFO [0;39m [1;35ms.d.s.w.p.DocumentationPluginsBootstrapper[0;39m - [start,160] - Context refreshed
2021-05-28 10:27:39.689 [32m[main][0;39m [34mINFO [0;39m [1;35ms.d.s.w.p.DocumentationPluginsBootstrapper[0;39m - [start,163] - Found 1 custom documentation plugin(s)
2021-05-28 10:27:39.707 [32m[main][0;39m [34mINFO [0;39m [1;35ms.d.s.w.s.ApiListingReferenceScanner[0;39m - [scan,41] - Scanning for api listing references
2021-05-28 10:27:39.806 [32m[main][0;39m [34mINFO [0;39m [1;35mc.n.a.MallAdminApplication[0;39m - [logStarted,61] - Started MallAdminApplication in 2.322 seconds (JVM running for 2.798)
2021-05-28 10:27:40.239 [32m[RMI TCP Connection(1)-192.168.10.89][0;39m [34mINFO [0;39m [1;35mo.a.c.c.C.[.[.[/][0;39m - [log,173] - Initializing Spring DispatcherServlet 'dispatcherServlet'
2021-05-28 10:27:40.292 [32m[RMI TCP Connection(3)-192.168.10.89][0;39m [34mINFO [0;39m [1;35mc.z.h.HikariDataSource[0;39m - [getConnection,110] - HikariPool-1 - Starting...
2021-05-28 10:27:40.543 [32m[RMI TCP Connection(3)-192.168.10.89][0;39m [34mINFO [0;39m [1;35mc.z.h.HikariDataSource[0;39m - [getConnection,123] - HikariPool-1 - Start completed.
2021-05-28 10:27:57.223 [32m[main][0;39m [34mINFO [0;39m [1;35mc.n.a.MallAdminApplication[0;39m - [logStarting,55] - Starting MallAdminApplication using Java 1.8.0_181 on DESKTOP-9CMVFOR with PID 16380 (D:\MyProjects\mall-sqzhao\mall-admin\target\classes started by zhaosq in D:\MyProjects\mall-sqzhao)
2021-05-28 10:27:57.226 [32m[main][0;39m [34mINFO [0;39m [1;35mc.n.a.MallAdminApplication[0;39m - [logStartupProfileInfo,679] - The following profiles are active: dev
2021-05-28 10:27:58.178 [32m[main][0;39m [34mINFO [0;39m [1;35mo.a.c.h.Http11NioProtocol[0;39m - [log,173] - Initializing ProtocolHandler ["http-nio-8080"]
2021-05-28 10:27:58.178 [32m[main][0;39m [34mINFO [0;39m [1;35mo.a.c.c.StandardService[0;39m - [log,173] - Starting service [Tomcat]
2021-05-28 10:27:58.179 [32m[main][0;39m [34mINFO [0;39m [1;35mo.a.c.c.StandardEngine[0;39m - [log,173] - Starting Servlet engine: [Apache Tomcat/9.0.45]
2021-05-28 10:27:58.231 [32m[main][0;39m [34mINFO [0;39m [1;35mo.a.c.c.C.[.[.[/][0;39m - [log,173] - Initializing Spring embedded WebApplicationContext
2021-05-28 10:27:58.920 [32m[main][0;39m [34mINFO [0;39m [1;35ms.d.s.w.PropertySourcedRequestMappingHandlerMapping[0;39m - [initHandlerMethods,69] - Mapped URL path [/v2/api-docs] onto method [springfox.documentation.swagger2.web.Swagger2Controller#getDocumentation(String, HttpServletRequest)]
2021-05-28 10:27:59.108 [32m[main][0;39m [34mINFO [0;39m [1;35mo.a.c.h.Http11NioProtocol[0;39m - [log,173] - Starting ProtocolHandler ["http-nio-8080"]
2021-05-28 10:27:59.120 [32m[main][0;39m [34mINFO [0;39m [1;35ms.d.s.w.p.DocumentationPluginsBootstrapper[0;39m - [start,160] - Context refreshed
2021-05-28 10:27:59.130 [32m[main][0;39m [34mINFO [0;39m [1;35ms.d.s.w.p.DocumentationPluginsBootstrapper[0;39m - [start,163] - Found 1 custom documentation plugin(s)
2021-05-28 10:27:59.149 [32m[main][0;39m [34mINFO [0;39m [1;35ms.d.s.w.s.ApiListingReferenceScanner[0;39m - [scan,41] - Scanning for api listing references
2021-05-28 10:27:59.257 [32m[main][0;39m [34mINFO [0;39m [1;35mc.n.a.MallAdminApplication[0;39m - [logStarted,61] - Started MallAdminApplication in 2.375 seconds (JVM running for 2.787)
2021-05-28 10:27:59.729 [32m[RMI TCP Connection(2)-192.168.10.89][0;39m [34mINFO [0;39m [1;35mo.a.c.c.C.[.[.[/][0;39m - [log,173] - Initializing Spring DispatcherServlet 'dispatcherServlet'
2021-05-28 10:27:59.730 [32m[RMI TCP Connection(1)-192.168.10.89][0;39m [34mINFO [0;39m [1;35mc.z.h.HikariDataSource[0;39m - [getConnection,110] - HikariPool-1 - Starting...
2021-05-28 10:27:59.984 [32m[RMI TCP Connection(1)-192.168.10.89][0;39m [34mINFO [0;39m [1;35mc.z.h.HikariDataSource[0;39m - [getConnection,123] - HikariPool-1 - Start completed.
2021-05-28 10:28:50.792 [32m[main][0;39m [1;31mERROR[0;39m [1;35mo.s.b.SpringApplication[0;39m - [reportFailure,871] - Application run failed
java.lang.IllegalStateException: java.lang.IllegalStateException: Logback configuration error detected: 
ERROR in ch.qos.logback.core.joran.spi.Interpreter@10:75 - no applicable action for [filter], current ElementPath  is [[configuration][appender][encoder][filter]]
ERROR in ch.qos.logback.core.joran.spi.Interpreter@11:24 - no applicable action for [level], current ElementPath  is [[configuration][appender][encoder][filter][level]]
	at org.springframework.boot.context.logging.LoggingApplicationListener.initializeSystem(LoggingApplicationListener.java:327)
	at org.springframework.boot.context.logging.LoggingApplicationListener.initialize(LoggingApplicationListener.java:281)
	at org.springframework.boot.context.logging.LoggingApplicationListener.onApplicationEnvironmentPreparedEvent(LoggingApplicationListener.java:239)
	at org.springframework.boot.context.logging.LoggingApplicationListener.onApplicationEvent(LoggingApplicationListener.java:216)
	at org.springframework.context.event.SimpleApplicationEventMulticaster.doInvokeListener(SimpleApplicationEventMulticaster.java:176)
	at org.springframework.context.event.SimpleApplicationEventMulticaster.invokeListener(SimpleApplicationEventMulticaster.java:169)
	at org.springframework.context.event.SimpleApplicationEventMulticaster.multicastEvent(SimpleApplicationEventMulticaster.java:143)
	at org.springframework.context.event.SimpleApplicationEventMulticaster.multicastEvent(SimpleApplicationEventMulticaster.java:131)
	at org.springframework.boot.context.event.EventPublishingRunListener.environmentPrepared(EventPublishingRunListener.java:82)
	at org.springframework.boot.SpringApplicationRunListeners.lambda$environmentPrepared$2(SpringApplicationRunListeners.java:63)
	at java.util.ArrayList.forEach(ArrayList.java:1257)
	at org.springframework.boot.SpringApplicationRunListeners.doWithListeners(SpringApplicationRunListeners.java:117)
	at org.springframework.boot.SpringApplicationRunListeners.doWithListeners(SpringApplicationRunListeners.java:111)
	at org.springframework.boot.SpringApplicationRunListeners.environmentPrepared(SpringApplicationRunListeners.java:62)
	at org.springframework.boot.SpringApplication.prepareEnvironment(SpringApplication.java:375)
	at org.springframework.boot.SpringApplication.run(SpringApplication.java:333)
	at org.springframework.boot.SpringApplication.run(SpringApplication.java:1340)
	at org.springframework.boot.SpringApplication.run(SpringApplication.java:1329)
	at cn.nice2cu.admin.MallAdminApplication.main(MallAdminApplication.java:10)
Caused by: java.lang.IllegalStateException: Logback configuration error detected: 
ERROR in ch.qos.logback.core.joran.spi.Interpreter@10:75 - no applicable action for [filter], current ElementPath  is [[configuration][appender][encoder][filter]]
ERROR in ch.qos.logback.core.joran.spi.Interpreter@11:24 - no applicable action for [level], current ElementPath  is [[configuration][appender][encoder][filter][level]]
	at org.springframework.boot.logging.logback.LogbackLoggingSystem.loadConfiguration(LogbackLoggingSystem.java:179)
	at org.springframework.boot.logging.AbstractLoggingSystem.initializeWithConventions(AbstractLoggingSystem.java:80)
	at org.springframework.boot.logging.AbstractLoggingSystem.initialize(AbstractLoggingSystem.java:60)
	at org.springframework.boot.logging.logback.LogbackLoggingSystem.initialize(LogbackLoggingSystem.java:132)
	at org.springframework.boot.context.logging.LoggingApplicationListener.initializeSystem(LoggingApplicationListener.java:312)
	... 18 common frames omitted
2021-05-28 10:30:39.464 [32m[main][0;39m [1;31mERROR[0;39m [1;35mo.s.b.SpringApplication[0;39m - [reportFailure,871] - Application run failed
java.lang.IllegalStateException: java.lang.IllegalStateException: Logback configuration error detected: 
ERROR in ch.qos.logback.classic.joran.action.LoggerAction - No 'name' attribute in element logger, around line: 57, column: 27
ERROR in ch.qos.logback.core.joran.action.AppenderRefAction - Could not find an AppenderAttachable at the top of execution stack. Near [appender-ref] line 58
	at org.springframework.boot.context.logging.LoggingApplicationListener.initializeSystem(LoggingApplicationListener.java:327)
	at org.springframework.boot.context.logging.LoggingApplicationListener.initialize(LoggingApplicationListener.java:281)
	at org.springframework.boot.context.logging.LoggingApplicationListener.onApplicationEnvironmentPreparedEvent(LoggingApplicationListener.java:239)
	at org.springframework.boot.context.logging.LoggingApplicationListener.onApplicationEvent(LoggingApplicationListener.java:216)
	at org.springframework.context.event.SimpleApplicationEventMulticaster.doInvokeListener(SimpleApplicationEventMulticaster.java:176)
	at org.springframework.context.event.SimpleApplicationEventMulticaster.invokeListener(SimpleApplicationEventMulticaster.java:169)
	at org.springframework.context.event.SimpleApplicationEventMulticaster.multicastEvent(SimpleApplicationEventMulticaster.java:143)
	at org.springframework.context.event.SimpleApplicationEventMulticaster.multicastEvent(SimpleApplicationEventMulticaster.java:131)
	at org.springframework.boot.context.event.EventPublishingRunListener.environmentPrepared(EventPublishingRunListener.java:82)
	at org.springframework.boot.SpringApplicationRunListeners.lambda$environmentPrepared$2(SpringApplicationRunListeners.java:63)
	at java.util.ArrayList.forEach(ArrayList.java:1257)
	at org.springframework.boot.SpringApplicationRunListeners.doWithListeners(SpringApplicationRunListeners.java:117)
	at org.springframework.boot.SpringApplicationRunListeners.doWithListeners(SpringApplicationRunListeners.java:111)
	at org.springframework.boot.SpringApplicationRunListeners.environmentPrepared(SpringApplicationRunListeners.java:62)
	at org.springframework.boot.SpringApplication.prepareEnvironment(SpringApplication.java:375)
	at org.springframework.boot.SpringApplication.run(SpringApplication.java:333)
	at org.springframework.boot.SpringApplication.run(SpringApplication.java:1340)
	at org.springframework.boot.SpringApplication.run(SpringApplication.java:1329)
	at cn.nice2cu.admin.MallAdminApplication.main(MallAdminApplication.java:10)
Caused by: java.lang.IllegalStateException: Logback configuration error detected: 
ERROR in ch.qos.logback.classic.joran.action.LoggerAction - No 'name' attribute in element logger, around line: 57, column: 27
ERROR in ch.qos.logback.core.joran.action.AppenderRefAction - Could not find an AppenderAttachable at the top of execution stack. Near [appender-ref] line 58
	at org.springframework.boot.logging.logback.LogbackLoggingSystem.loadConfiguration(LogbackLoggingSystem.java:179)
	at org.springframework.boot.logging.AbstractLoggingSystem.initializeWithConventions(AbstractLoggingSystem.java:80)
	at org.springframework.boot.logging.AbstractLoggingSystem.initialize(AbstractLoggingSystem.java:60)
	at org.springframework.boot.logging.logback.LogbackLoggingSystem.initialize(LogbackLoggingSystem.java:132)
	at org.springframework.boot.context.logging.LoggingApplicationListener.initializeSystem(LoggingApplicationListener.java:312)
	... 18 common frames omitted
2021-05-28 10:33:24.280 [32m[main][0;39m [34mINFO [0;39m [1;35mc.n.a.MallAdminApplication[0;39m - [logStarting,55] - Starting MallAdminApplication using Java 1.8.0_181 on DESKTOP-9CMVFOR with PID 23236 (D:\MyProjects\mall-sqzhao\mall-admin\target\classes started by zhaosq in D:\MyProjects\mall-sqzhao)
2021-05-28 10:33:24.283 [32m[main][0;39m [34mINFO [0;39m [1;35mc.n.a.MallAdminApplication[0;39m - [logStartupProfileInfo,679] - The following profiles are active: dev
2021-05-28 10:33:25.269 [32m[main][0;39m [34mINFO [0;39m [1;35mo.s.b.w.e.t.TomcatWebServer[0;39m - [initialize,108] - Tomcat initialized with port(s): 8080 (http)
2021-05-28 10:33:25.275 [32m[main][0;39m [34mINFO [0;39m [1;35mo.a.c.h.Http11NioProtocol[0;39m - [log,173] - Initializing ProtocolHandler ["http-nio-8080"]
2021-05-28 10:33:25.275 [32m[main][0;39m [34mINFO [0;39m [1;35mo.a.c.c.StandardService[0;39m - [log,173] - Starting service [Tomcat]
2021-05-28 10:33:25.275 [32m[main][0;39m [34mINFO [0;39m [1;35mo.a.c.c.StandardEngine[0;39m - [log,173] - Starting Servlet engine: [Apache Tomcat/9.0.45]
2021-05-28 10:33:25.328 [32m[main][0;39m [34mINFO [0;39m [1;35mo.a.c.c.C.[.[.[/][0;39m - [log,173] - Initializing Spring embedded WebApplicationContext
2021-05-28 10:33:25.328 [32m[main][0;39m [34mINFO [0;39m [1;35mo.s.b.w.s.c.ServletWebServerApplicationContext[0;39m - [prepareWebApplicationContext,289] - Root WebApplicationContext: initialization completed in 998 ms
2021-05-28 10:33:25.966 [32m[main][0;39m [34mINFO [0;39m [1;35mo.s.b.a.e.w.EndpointLinksResolver[0;39m - [<init>,58] - Exposing 2 endpoint(s) beneath base path '/actuator'
2021-05-28 10:33:26.002 [32m[main][0;39m [34mINFO [0;39m [1;35ms.d.s.w.PropertySourcedRequestMappingHandlerMapping[0;39m - [initHandlerMethods,69] - Mapped URL path [/v2/api-docs] onto method [springfox.documentation.swagger2.web.Swagger2Controller#getDocumentation(String, HttpServletRequest)]
2021-05-28 10:33:26.053 [32m[main][0;39m [34mINFO [0;39m [1;35mo.s.s.c.ThreadPoolTaskExecutor[0;39m - [initialize,181] - Initializing ExecutorService 'applicationTaskExecutor'
2021-05-28 10:33:26.186 [32m[main][0;39m [34mINFO [0;39m [1;35mo.a.c.h.Http11NioProtocol[0;39m - [log,173] - Starting ProtocolHandler ["http-nio-8080"]
2021-05-28 10:33:26.199 [32m[main][0;39m [34mINFO [0;39m [1;35mo.s.b.w.e.t.TomcatWebServer[0;39m - [start,220] - Tomcat started on port(s): 8080 (http) with context path ''
2021-05-28 10:33:26.200 [32m[main][0;39m [34mINFO [0;39m [1;35ms.d.s.w.p.DocumentationPluginsBootstrapper[0;39m - [start,160] - Context refreshed
2021-05-28 10:33:26.209 [32m[main][0;39m [34mINFO [0;39m [1;35ms.d.s.w.p.DocumentationPluginsBootstrapper[0;39m - [start,163] - Found 1 custom documentation plugin(s)
2021-05-28 10:33:26.229 [32m[main][0;39m [34mINFO [0;39m [1;35ms.d.s.w.s.ApiListingReferenceScanner[0;39m - [scan,41] - Scanning for api listing references
2021-05-28 10:33:26.327 [32m[main][0;39m [34mINFO [0;39m [1;35mc.n.a.MallAdminApplication[0;39m - [logStarted,61] - Started MallAdminApplication in 2.397 seconds (JVM running for 2.82)
2021-05-28 10:33:26.753 [32m[RMI TCP Connection(1)-192.168.10.89][0;39m [34mINFO [0;39m [1;35mo.a.c.c.C.[.[.[/][0;39m - [log,173] - Initializing Spring DispatcherServlet 'dispatcherServlet'
2021-05-28 10:33:26.753 [32m[RMI TCP Connection(1)-192.168.10.89][0;39m [34mINFO [0;39m [1;35mo.s.w.s.DispatcherServlet[0;39m - [initServletBean,525] - Initializing Servlet 'dispatcherServlet'
2021-05-28 10:33:26.754 [32m[RMI TCP Connection(1)-192.168.10.89][0;39m [34mINFO [0;39m [1;35mo.s.w.s.DispatcherServlet[0;39m - [initServletBean,547] - Completed initialization in 0 ms
2021-05-28 10:33:26.797 [32m[RMI TCP Connection(3)-192.168.10.89][0;39m [34mINFO [0;39m [1;35mc.z.h.HikariDataSource[0;39m - [getConnection,110] - HikariPool-1 - Starting...
2021-05-28 10:33:27.048 [32m[RMI TCP Connection(3)-192.168.10.89][0;39m [34mINFO [0;39m [1;35mc.z.h.HikariDataSource[0;39m - [getConnection,123] - HikariPool-1 - Start completed.
2021-05-28 10:33:55.617 [32m[main][0;39m [34mINFO [0;39m [1;35mc.n.a.MallAdminApplication[0;39m - [logStarting,55] - Starting MallAdminApplication using Java 1.8.0_181 on DESKTOP-9CMVFOR with PID 11832 (D:\MyProjects\mall-sqzhao\mall-admin\target\classes started by zhaosq in D:\MyProjects\mall-sqzhao)
2021-05-28 10:33:55.620 [32m[main][0;39m [34mINFO [0;39m [1;35mc.n.a.MallAdminApplication[0;39m - [logStartupProfileInfo,679] - The following profiles are active: dev
2021-05-28 10:33:56.555 [32m[main][0;39m [34mINFO [0;39m [1;35mo.a.c.h.Http11NioProtocol[0;39m - [log,173] - Initializing ProtocolHandler ["http-nio-8080"]
2021-05-28 10:33:56.556 [32m[main][0;39m [34mINFO [0;39m [1;35mo.a.c.c.StandardService[0;39m - [log,173] - Starting service [Tomcat]
2021-05-28 10:33:56.556 [32m[main][0;39m [34mINFO [0;39m [1;35mo.a.c.c.StandardEngine[0;39m - [log,173] - Starting Servlet engine: [Apache Tomcat/9.0.45]
2021-05-28 10:33:56.608 [32m[main][0;39m [34mINFO [0;39m [1;35mo.a.c.c.C.[.[.[/][0;39m - [log,173] - Initializing Spring embedded WebApplicationContext
2021-05-28 10:33:57.283 [32m[main][0;39m [34mINFO [0;39m [1;35ms.d.s.w.PropertySourcedRequestMappingHandlerMapping[0;39m - [initHandlerMethods,69] - Mapped URL path [/v2/api-docs] onto method [springfox.documentation.swagger2.web.Swagger2Controller#getDocumentation(String, HttpServletRequest)]
2021-05-28 10:33:57.467 [32m[main][0;39m [34mINFO [0;39m [1;35mo.a.c.h.Http11NioProtocol[0;39m - [log,173] - Starting ProtocolHandler ["http-nio-8080"]
2021-05-28 10:33:57.480 [32m[main][0;39m [34mINFO [0;39m [1;35ms.d.s.w.p.DocumentationPluginsBootstrapper[0;39m - [start,160] - Context refreshed
2021-05-28 10:33:57.489 [32m[main][0;39m [34mINFO [0;39m [1;35ms.d.s.w.p.DocumentationPluginsBootstrapper[0;39m - [start,163] - Found 1 custom documentation plugin(s)
2021-05-28 10:33:57.508 [32m[main][0;39m [34mINFO [0;39m [1;35ms.d.s.w.s.ApiListingReferenceScanner[0;39m - [scan,41] - Scanning for api listing references
2021-05-28 10:33:57.605 [32m[main][0;39m [34mINFO [0;39m [1;35mc.n.a.MallAdminApplication[0;39m - [logStarted,61] - Started MallAdminApplication in 2.337 seconds (JVM running for 2.754)
2021-05-28 10:33:58.136 [32m[RMI TCP Connection(1)-192.168.10.89][0;39m [34mINFO [0;39m [1;35mo.a.c.c.C.[.[.[/][0;39m - [log,173] - Initializing Spring DispatcherServlet 'dispatcherServlet'
2021-05-28 10:33:58.136 [32m[RMI TCP Connection(2)-192.168.10.89][0;39m [34mINFO [0;39m [1;35mc.z.h.HikariDataSource[0;39m - [getConnection,110] - HikariPool-1 - Starting...
2021-05-28 10:33:58.392 [32m[RMI TCP Connection(2)-192.168.10.89][0;39m [34mINFO [0;39m [1;35mc.z.h.HikariDataSource[0;39m - [getConnection,123] - HikariPool-1 - Start completed.
2021-05-28 10:47:16.861 [32m[main][0;39m [34mINFO [0;39m [1;35mc.n.a.MallAdminApplication[0;39m - [logStarting,55] - Starting MallAdminApplication using Java 1.8.0_181 on DESKTOP-9CMVFOR with PID 24860 (D:\MyProjects\mall-sqzhao\mall-admin\target\classes started by zhaosq in D:\MyProjects\mall-sqzhao)
2021-05-28 10:47:16.865 [32m[main][0;39m [34mINFO [0;39m [1;35mc.n.a.MallAdminApplication[0;39m - [logStartupProfileInfo,679] - The following profiles are active: dev
2021-05-28 10:47:18.411 [32m[main][0;39m [34mINFO [0;39m [1;35mo.a.c.h.Http11NioProtocol[0;39m - [log,173] - Initializing ProtocolHandler ["http-nio-8080"]
2021-05-28 10:47:18.412 [32m[main][0;39m [34mINFO [0;39m [1;35mo.a.c.c.StandardService[0;39m - [log,173] - Starting service [Tomcat]
2021-05-28 10:47:18.412 [32m[main][0;39m [34mINFO [0;39m [1;35mo.a.c.c.StandardEngine[0;39m - [log,173] - Starting Servlet engine: [Apache Tomcat/9.0.45]
2021-05-28 10:47:18.498 [32m[main][0;39m [34mINFO [0;39m [1;35mo.a.c.c.C.[.[.[/][0;39m - [log,173] - Initializing Spring embedded WebApplicationContext
2021-05-28 10:47:19.478 [32m[main][0;39m [34mINFO [0;39m [1;35ms.d.s.w.PropertySourcedRequestMappingHandlerMapping[0;39m - [initHandlerMethods,69] - Mapped URL path [/v2/api-docs] onto method [springfox.documentation.swagger2.web.Swagger2Controller#getDocumentation(String, HttpServletRequest)]
2021-05-28 10:47:19.775 [32m[main][0;39m [34mINFO [0;39m [1;35mo.a.c.h.Http11NioProtocol[0;39m - [log,173] - Starting ProtocolHandler ["http-nio-8080"]
2021-05-28 10:47:19.785 [32m[main][0;39m [31mWARN [0;39m [1;35mo.s.b.w.s.c.AnnotationConfigServletWebServerApplicationContext[0;39m - [refresh,591] - Exception encountered during context initialization - cancelling refresh attempt: org.springframework.context.ApplicationContextException: Failed to start bean 'webServerStartStop'; nested exception is org.springframework.boot.web.server.PortInUseException: Port 8080 is already in use
2021-05-28 10:47:19.791 [32m[main][0;39m [34mINFO [0;39m [1;35mo.a.c.h.Http11NioProtocol[0;39m - [log,173] - Pausing ProtocolHandler ["http-nio-8080"]
2021-05-28 10:47:19.791 [32m[main][0;39m [34mINFO [0;39m [1;35mo.a.c.c.StandardService[0;39m - [log,173] - Stopping service [Tomcat]
2021-05-28 10:47:19.794 [32m[main][0;39m [34mINFO [0;39m [1;35mo.a.c.h.Http11NioProtocol[0;39m - [log,173] - Stopping ProtocolHandler ["http-nio-8080"]
2021-05-28 10:47:19.795 [32m[main][0;39m [34mINFO [0;39m [1;35mo.a.c.h.Http11NioProtocol[0;39m - [log,173] - Destroying ProtocolHandler ["http-nio-8080"]
2021-05-28 10:47:19.827 [32m[main][0;39m [1;31mERROR[0;39m [1;35mo.s.b.d.LoggingFailureAnalysisReporter[0;39m - [report,40] - 

***************************
APPLICATION FAILED TO START
***************************

Description:

Web server failed to start. Port 8080 was already in use.

Action:

Identify and stop the process that's listening on port 8080 or configure this application to listen on another port.

2021-05-28 10:51:25.103 [32m[main][0;39m [34mINFO [0;39m [1;35mc.n.a.MallAdminApplication[0;39m - [logStarting,55] - Starting MallAdminApplication using Java 1.8.0_181 on DESKTOP-9CMVFOR with PID 15892 (D:\MyProjects\mall-sqzhao\mall-admin\target\classes started by zhaosq in D:\MyProjects\mall-sqzhao)
2021-05-28 10:51:25.106 [32m[main][0;39m [34mINFO [0;39m [1;35mc.n.a.MallAdminApplication[0;39m - [logStartupProfileInfo,679] - The following profiles are active: dev
2021-05-28 10:51:26.039 [32m[main][0;39m [34mINFO [0;39m [1;35mo.a.c.h.Http11NioProtocol[0;39m - [log,173] - Initializing ProtocolHandler ["http-nio-8080"]
2021-05-28 10:51:26.039 [32m[main][0;39m [34mINFO [0;39m [1;35mo.a.c.c.StandardService[0;39m - [log,173] - Starting service [Tomcat]
2021-05-28 10:51:26.039 [32m[main][0;39m [34mINFO [0;39m [1;35mo.a.c.c.StandardEngine[0;39m - [log,173] - Starting Servlet engine: [Apache Tomcat/9.0.45]
2021-05-28 10:51:26.092 [32m[main][0;39m [34mINFO [0;39m [1;35mo.a.c.c.C.[.[.[/][0;39m - [log,173] - Initializing Spring embedded WebApplicationContext
2021-05-28 10:51:26.776 [32m[main][0;39m [34mINFO [0;39m [1;35ms.d.s.w.PropertySourcedRequestMappingHandlerMapping[0;39m - [initHandlerMethods,69] - Mapped URL path [/v2/api-docs] onto method [springfox.documentation.swagger2.web.Swagger2Controller#getDocumentation(String, HttpServletRequest)]
2021-05-28 10:51:26.957 [32m[main][0;39m [34mINFO [0;39m [1;35mo.a.c.h.Http11NioProtocol[0;39m - [log,173] - Starting ProtocolHandler ["http-nio-8080"]
2021-05-28 10:51:26.965 [32m[main][0;39m [31mWARN [0;39m [1;35mo.s.b.w.s.c.AnnotationConfigServletWebServerApplicationContext[0;39m - [refresh,591] - Exception encountered during context initialization - cancelling refresh attempt: org.springframework.context.ApplicationContextException: Failed to start bean 'webServerStartStop'; nested exception is org.springframework.boot.web.server.PortInUseException: Port 8080 is already in use
2021-05-28 10:51:26.970 [32m[main][0;39m [34mINFO [0;39m [1;35mo.a.c.h.Http11NioProtocol[0;39m - [log,173] - Pausing ProtocolHandler ["http-nio-8080"]
2021-05-28 10:51:26.970 [32m[main][0;39m [34mINFO [0;39m [1;35mo.a.c.c.StandardService[0;39m - [log,173] - Stopping service [Tomcat]
2021-05-28 10:51:26.973 [32m[main][0;39m [34mINFO [0;39m [1;35mo.a.c.h.Http11NioProtocol[0;39m - [log,173] - Stopping ProtocolHandler ["http-nio-8080"]
2021-05-28 10:51:26.973 [32m[main][0;39m [34mINFO [0;39m [1;35mo.a.c.h.Http11NioProtocol[0;39m - [log,173] - Destroying ProtocolHandler ["http-nio-8080"]
2021-05-28 10:51:26.992 [32m[main][0;39m [1;31mERROR[0;39m [1;35mo.s.b.d.LoggingFailureAnalysisReporter[0;39m - [report,40] - 

***************************
APPLICATION FAILED TO START
***************************

Description:

Web server failed to start. Port 8080 was already in use.

Action:

Identify and stop the process that's listening on port 8080 or configure this application to listen on another port.

2021-05-28 10:54:40.099 [32m[main][0;39m [34mINFO [0;39m [1;35mc.n.a.MallAdminApplication[0;39m - [logStarting,55] - Starting MallAdminApplication using Java 1.8.0_181 on DESKTOP-9CMVFOR with PID 8280 (D:\MyProjects\mall-sqzhao\mall-admin\target\classes started by zhaosq in D:\MyProjects\mall-sqzhao)
2021-05-28 10:54:40.103 [32m[main][0;39m [34mINFO [0;39m [1;35mc.n.a.MallAdminApplication[0;39m - [logStartupProfileInfo,679] - The following profiles are active: dev
2021-05-28 10:54:41.030 [32m[main][0;39m [34mINFO [0;39m [1;35mo.a.c.h.Http11NioProtocol[0;39m - [log,173] - Initializing ProtocolHandler ["http-nio-8080"]
2021-05-28 10:54:41.031 [32m[main][0;39m [34mINFO [0;39m [1;35mo.a.c.c.StandardService[0;39m - [log,173] - Starting service [Tomcat]
2021-05-28 10:54:41.031 [32m[main][0;39m [34mINFO [0;39m [1;35mo.a.c.c.StandardEngine[0;39m - [log,173] - Starting Servlet engine: [Apache Tomcat/9.0.45]
2021-05-28 10:54:41.084 [32m[main][0;39m [34mINFO [0;39m [1;35mo.a.c.c.C.[.[.[/][0;39m - [log,173] - Initializing Spring embedded WebApplicationContext
2021-05-28 10:54:41.757 [32m[main][0;39m [34mINFO [0;39m [1;35ms.d.s.w.PropertySourcedRequestMappingHandlerMapping[0;39m - [initHandlerMethods,69] - Mapped URL path [/v2/api-docs] onto method [springfox.documentation.swagger2.web.Swagger2Controller#getDocumentation(String, HttpServletRequest)]
2021-05-28 10:54:41.940 [32m[main][0;39m [34mINFO [0;39m [1;35mo.a.c.h.Http11NioProtocol[0;39m - [log,173] - Starting ProtocolHandler ["http-nio-8080"]
2021-05-28 10:54:41.953 [32m[main][0;39m [34mINFO [0;39m [1;35ms.d.s.w.p.DocumentationPluginsBootstrapper[0;39m - [start,160] - Context refreshed
2021-05-28 10:54:41.963 [32m[main][0;39m [34mINFO [0;39m [1;35ms.d.s.w.p.DocumentationPluginsBootstrapper[0;39m - [start,163] - Found 1 custom documentation plugin(s)
2021-05-28 10:54:41.981 [32m[main][0;39m [34mINFO [0;39m [1;35ms.d.s.w.s.ApiListingReferenceScanner[0;39m - [scan,41] - Scanning for api listing references
2021-05-28 10:54:42.079 [32m[main][0;39m [34mINFO [0;39m [1;35mc.n.a.MallAdminApplication[0;39m - [logStarted,61] - Started MallAdminApplication in 2.32 seconds (JVM running for 2.789)
2021-05-28 10:54:42.636 [32m[RMI TCP Connection(1)-192.168.10.89][0;39m [34mINFO [0;39m [1;35mo.a.c.c.C.[.[.[/][0;39m - [log,173] - Initializing Spring DispatcherServlet 'dispatcherServlet'
2021-05-28 10:54:42.636 [32m[RMI TCP Connection(2)-192.168.10.89][0;39m [34mINFO [0;39m [1;35mc.z.h.HikariDataSource[0;39m - [getConnection,110] - HikariPool-1 - Starting...
2021-05-28 10:54:42.899 [32m[RMI TCP Connection(2)-192.168.10.89][0;39m [34mINFO [0;39m [1;35mc.z.h.HikariDataSource[0;39m - [getConnection,123] - HikariPool-1 - Start completed.
